生成启动时间为 2020/12/16 10:41:00。
     1>项目“F:\VS_Proj\Roll_Call\Roll_Call\Roll_Call.vcxproj”在节点 2 上(build 个目标)。
     1>InitializeBuildStatus:
         正在创建“Debug\Roll_Call.unsuccessfulbuild”，因为已指定“AlwaysCreate”。
       ClCompile:
         所有输出均为最新。
         C:\Program Files (x86)\Microsoft Visual Studio 10.0\VC\bin\CL.exe /c /ZI /nologo /W3 /WX- /Od /Oy- /D WIN32 /D _WINDOWS /D _DEBUG /D _UNICODE /D UNICODE /D _AFXDLL /Gm /EHsc /RTC1 /MDd /GS /fp:precise /Zc:wchar_t /Zc:forScope /Yu"StdAfx.h" /Fp"Debug\Roll_Call.pch" /Fo"Debug\\" /Fd"Debug\vc100.pdb" /Gd /TP /analyze- /errorReport:prompt Roll_CallDlg.cpp
         Roll_CallDlg.cpp
       ResourceCompile:
         所有输出均为最新。
       ManifestResourceCompile:
         所有输出均为最新。
       Link:
         C:\Program Files (x86)\Microsoft Visual Studio 10.0\VC\bin\link.exe /ERRORREPORT:PROMPT /OUT:"F:\VS_Proj\Roll_Call\Debug\Roll_Call.exe" /INCREMENTAL /NOLOGO /MANIFEST /ManifestFile:"Debug\Roll_Call.exe.intermediate.manifest" /MANIFESTUAC:"level='asInvoker' uiAccess='false'" /DEBUG /PDB:"F:\VS_Proj\Roll_Call\Debug\Roll_Call.pdb" /SUBSYSTEM:WINDOWS /TLBID:1 /ENTRY:"wWinMainCRTStartup" /DYNAMICBASE /NXCOMPAT /IMPLIB:"F:\VS_Proj\Roll_Call\Debug\Roll_Call.lib" /MACHINE:X86 Debug\Roll_Call.res
         Debug\Roll_Call.exe.embed.manifest.res
         Debug\Roll_Call.obj
         Debug\Roll_CallDlg.obj
         Debug\stdafx.obj
       Manifest:
         C:\Program Files (x86)\Microsoft SDKs\Windows\v7.0A\bin\mt.exe /nologo /verbose /out:"Debug\Roll_Call.exe.embed.manifest" /manifest Debug\Roll_Call.exe.intermediate.manifest "C:\Program Files (x86)\Microsoft Visual Studio 10.0\VC\Include\Manifest\dpiaware.manifest"
         所有输出均为最新。
       LinkEmbedManifest:
         所有输出均为最新。
         Roll_Call.vcxproj -> F:\VS_Proj\Roll_Call\Debug\Roll_Call.exe
       FinalizeBuildStatus:
         正在删除文件“Debug\Roll_Call.unsuccessfulbuild”。
         正在对“Debug\Roll_Call.lastbuildstate”执行 Touch 任务。
     1>已完成生成项目“F:\VS_Proj\Roll_Call\Roll_Call\Roll_Call.vcxproj”(build 个目标)的操作。

生成成功。

已用时间 00:00:01.14
